<?xml version="1.0" encoding="UTF-8"?>
<!-- Generated by org.testng.reporters.JUnitReportReporter -->
<testsuite skipped="0" hostname="infom-expin16" name="selenium.MavenProject.RestAPITest" tests="2" failures="0" timestamp="2020-08-06T11:37:19 IST" time="0.010" errors="0">
  <testcase name="deleteTwitter" time="0.009" classname="selenium.MavenProject.RestAPITest"/>
  <system-out/>
  <testcase name="postjira" time="0.001" classname="selenium.MavenProject.RestAPITest"/>
  <system-out/>
</testsuite> <!-- selenium.MavenProject.RestAPITest -->
