<?xml version="1.0" encoding="UTF-8"?>
<!-- Generated by org.testng.reporters.JUnitReportReporter -->
<testsuite skipped="0" hostname="infom-expin16" name="selenium.MavenProject.ExtentReportDemo" tests="1" failures="0" timestamp="2020-08-06T14:34:04 IST" time="7.529" errors="0">
  <testcase name="initialdemo" time="7.529" classname="selenium.MavenProject.ExtentReportDemo"/>
  <system-out/>
</testsuite> <!-- selenium.MavenProject.ExtentReportDemo -->
