<?xml version="1.0" encoding="UTF-8"?>
<!-- Generated by org.testng.reporters.JUnitReportReporter -->
<testsuite skipped="0" hostname="infom-expin16" name="selenium.MavenProject.SeleniumTest" tests="2" failures="0" timestamp="2020-08-05T15:58:29 IST" time="0.001" errors="0">
  <testcase name="elementUI" time="0.001" classname="selenium.MavenProject.SeleniumTest"/>
  <system-out/>
  <testcase name="browserAutomation" time="0.000" classname="selenium.MavenProject.SeleniumTest"/>
  <system-out/>
</testsuite> <!-- selenium.MavenProject.SeleniumTest -->
