<?xml version="1.0" encoding="UTF-8"?>
<!-- Generated by org.testng.reporters.JUnitReportReporter -->
<testsuite skipped="0" hostname="infom-expin16" name="selenium.MavenProject.AppiumTest" tests="2" failures="0" timestamp="2020-08-05T15:45:40 IST" time="0.006" errors="0">
  <testcase name="nativeApp" time="0.001" classname="selenium.MavenProject.AppiumTest"/>
  <system-out/>
  <testcase name="iosApp" time="0.005" classname="selenium.MavenProject.AppiumTest"/>
  <system-out/>
</testsuite> <!-- selenium.MavenProject.AppiumTest -->
